{"E:\\practice projects\\speer-tech\\backend-speer-tech\\tests\\common-function.js": {"path":"E:\\practice projects\\speer-tech\\backend-speer-tech\\tests\\common-function.js","statementMap":{"0":{"start":{"line":1,"column":15},"end":{"line":1,"column":34}},"1":{"start":{"line":2,"column":16},"end":{"line":2,"column":83}},"2":{"start":{"line":3,"column":14},"end":{"line":6,"column":1}},"3":{"start":{"line":10,"column":0},"end":{"line":12,"column":2}}},"fnMap":{},"branchMap":{"0":{"loc":{"start":{"line":2,"column":49},"end":{"line":2,"column":81}},"type":"binary-expr","locations":[{"start":{"line":2,"column":49},"end":{"line":2,"column":64}},{"start":{"line":2,"column":68},"end":{"line":2,"column":81}}],"line":2}},"s":{"0":2,"1":2,"2":2,"3":2},"f":{},"b":{"0":[2,2]},"_coverageSchema":"1a1c01bbd47fc00a2c39e90264f33305004495a9","hash":"a552177abbcd503445a15fc23a8ae8f8fee86bcd"}
,"E:\\practice projects\\speer-tech\\backend-speer-tech\\tests\\config.js": {"path":"E:\\practice projects\\speer-tech\\backend-speer-tech\\tests\\config.js","statementMap":{"0":{"start":{"line":1,"column":16},"end":{"line":1,"column":39}},"1":{"start":{"line":2,"column":17},"end":{"line":2,"column":26}},"2":{"start":{"line":3,"column":0},"end":{"line":21,"column":2}}},"fnMap":{},"branchMap":{},"s":{"0":2,"1":2,"2":2},"f":{},"b":{},"_coverageSchema":"1a1c01bbd47fc00a2c39e90264f33305004495a9","hash":"65c91fbaf102d77b19148cffe6faea4fc8ea806d"}
,"E:\\practice projects\\speer-tech\\backend-speer-tech\\tests\\testConfig.js": {"path":"E:\\practice projects\\speer-tech\\backend-speer-tech\\tests\\testConfig.js","statementMap":{"0":{"start":{"line":1,"column":0},"end":{"line":7,"column":2}}},"fnMap":{},"branchMap":{},"s":{"0":2},"f":{},"b":{},"_coverageSchema":"1a1c01bbd47fc00a2c39e90264f33305004495a9","hash":"dcd7b25ee87e3399ede7074a7284559d247b7609"}
,"E:\\practice projects\\speer-tech\\backend-speer-tech\\tests\\authTestCases\\authConfig.js": {"path":"E:\\practice projects\\speer-tech\\backend-speer-tech\\tests\\authTestCases\\authConfig.js","statementMap":{"0":{"start":{"line":1,"column":13},"end":{"line":6,"column":1}},"1":{"start":{"line":8,"column":0},"end":{"line":8,"column":27}}},"fnMap":{},"branchMap":{},"s":{"0":2,"1":2},"f":{},"b":{},"_coverageSchema":"1a1c01bbd47fc00a2c39e90264f33305004495a9","hash":"418261a741ff51ac77c358802097654c325d9d20"}
,"E:\\practice projects\\speer-tech\\backend-speer-tech\\tests\\tweetTestCases\\tweetConfig.js": {"path":"E:\\practice projects\\speer-tech\\backend-speer-tech\\tests\\tweetTestCases\\tweetConfig.js","statementMap":{"0":{"start":{"line":1,"column":13},"end":{"line":6,"column":1}},"1":{"start":{"line":8,"column":14},"end":{"line":10,"column":1}},"2":{"start":{"line":12,"column":0},"end":{"line":12,"column":27}},"3":{"start":{"line":13,"column":0},"end":{"line":13,"column":29}}},"fnMap":{},"branchMap":{},"s":{"0":1,"1":1,"2":1,"3":1},"f":{},"b":{},"_coverageSchema":"1a1c01bbd47fc00a2c39e90264f33305004495a9","hash":"25f60166efa9fbdddb31fc1900fc78534c1e4822"}
}
